Arguments: 
  /usr/bin/node /usr/share/yarn/bin/yarn.js upgrade react react-dom

PATH: 
  /home/mario/.npm/bin:/usr/local/sbin:/usr/local/bin:/usr/sbin:/usr/bin:/sbin:/bin:/usr/games:/usr/local/games:/usr/lib/jvm/java-8-oracle/bin:/usr/lib/jvm/java-8-oracle/db/bin:/usr/lib/jvm/java-8-oracle/jre/bin

Yarn version: 
  1.5.1

Node version: 
  8.11.1

Platform: 
  linux ia32

npm manifest: 
  No manifest

yarn manifest: 
  No manifest

Lockfile: 
  No lockfile

Trace: 
  Error: No lockfile in this directory. Run `yarn install` to generate one.
      at new MessageError (/usr/share/yarn/lib/cli.js:186:110)
      at /usr/share/yarn/lib/cli.js:89389:13
      at <anonymous>
